[2024-01-28 02:18:25] [DEBUG] HTTP GET: https://www.githubstatus.com/api/v2/incidents/unresolved.json
[2024-01-28 02:18:27] [DEBUG] RESPONSE (OK): {"page":{"id":"kctbh9vrtdwd","name":"GitHub","url":"https://www.githubstatus.com","time_zone":"Etc/UTC","updated_at":"2024-01-27T18:43:57.523Z"},"incidents":[]}
[2024-01-28 02:18:27] [DEBUG] HTTP GET: https://raw.githubusercontent.com/github/gh-gei/main/LATEST-VERSION.txt
[2024-01-28 02:18:28] [DEBUG] RESPONSE (OK): v1.7.1

[2024-01-28 02:18:28] [INFO] You are running an up-to-date version of the ado2gh CLI [v1.7.1]
[2024-01-28 02:18:28] [INFO] ADO ORG: udemydevopscourse
[2024-01-28 02:18:28] [INFO] ADO TEAM PROJECT: The Mcguffin
[2024-01-28 02:18:28] [INFO] ADO REPO: The Mcguffin
[2024-01-28 02:18:28] [INFO] GITHUB ORG: u19test
[2024-01-28 02:18:28] [INFO] GITHUB REPO: The Mcguffin
[2024-01-28 02:18:28] [ERROR] OctoshiftCLI.OctoshiftCliException: GH_PAT environment variable is not set.
   at OctoshiftCLI.Services.EnvironmentVariableProvider.GetValue(String name, Boolean throwIfNotFound)
   at OctoshiftCLI.Services.EnvironmentVariableProvider.GetSecret(String secretName, Boolean throwIfNotFound)
   at OctoshiftCLI.Services.EnvironmentVariableProvider.TargetGithubPersonalAccessToken(Boolean throwIfNotFound)
   at OctoshiftCLI.AdoToGithub.Factories.GithubApiFactory.Create(String apiUrl, String targetPersonalAccessToken)
   at OctoshiftCLI.AdoToGithub.Commands.MigrateRepo.MigrateRepoCommand.BuildHandler(MigrateRepoCommandArgs args, IServiceProvider sp)
   at OctoshiftCLI.Extensions.CommandExtensions.RunHandler[TArgs,THandler](TArgs args, ServiceProvider sp, CommandBase`2 command)
   at OctoshiftCLI.Extensions.CommandExtensions.<>c__DisplayClass1_0`3.<<ConfigureCommand>b__0>d.MoveNext()
--- End of stack trace from previous location ---
   at System.CommandLine.Invocation.AnonymousCommandHandler.InvokeAsync(InvocationContext )
   at System.CommandLine.Invocation.InvocationPipeline.<>c__DisplayClass4_0.<<BuildInvocationChain>b__0>d.MoveNext()
--- End of stack trace from previous location ---
   at System.CommandLine.Builder.CommandLineBuilderExtensions.<>c__DisplayClass17_0.<<UseParseErrorReporting>b__0>d.MoveNext()
--- End of stack trace from previous location ---
   at System.CommandLine.Builder.CommandLineBuilderExtensions.<>c__DisplayClass12_0.<<UseHelp>b__0>d.MoveNext()
--- End of stack trace from previous location ---
   at System.CommandLine.Builder.CommandLineBuilderExtensions.<>c__DisplayClass22_0.<<UseVersionOption>b__0>d.MoveNext()
--- End of stack trace from previous location ---
   at System.CommandLine.Builder.CommandLineBuilderExtensions.<>c__DisplayClass19_0.<<UseTypoCorrections>b__0>d.MoveNext()
--- End of stack trace from previous location ---
   at System.CommandLine.Builder.CommandLineBuilderExtensions.<>c.<<UseSuggestDirective>b__18_0>d.MoveNext()
--- End of stack trace from previous location ---
   at System.CommandLine.Builder.CommandLineBuilderExtensions.<>c__DisplayClass16_0.<<UseParseDirective>b__0>d.MoveNext()
--- End of stack trace from previous location ---
   at System.CommandLine.Builder.CommandLineBuilderExtensions.<>c.<<RegisterWithDotnetSuggest>b__5_0>d.MoveNext()
--- End of stack trace from previous location ---
   at System.CommandLine.Builder.CommandLineBuilderExtensions.<>c__DisplayClass8_0.<<UseExceptionHandler>b__0>d.MoveNext()
