[2024-01-28 02:21:41] [DEBUG] HTTP GET: https://www.githubstatus.com/api/v2/incidents/unresolved.json
[2024-01-28 02:21:43] [DEBUG] RESPONSE (OK): {"page":{"id":"kctbh9vrtdwd","name":"GitHub","url":"https://www.githubstatus.com","time_zone":"Etc/UTC","updated_at":"2024-01-27T18:43:57.523Z"},"incidents":[]}
[2024-01-28 02:21:43] [DEBUG] HTTP GET: https://raw.githubusercontent.com/github/gh-gei/main/LATEST-VERSION.txt
[2024-01-28 02:21:44] [DEBUG] RESPONSE (OK): v1.7.1

[2024-01-28 02:21:44] [INFO] You are running an up-to-date version of the ado2gh CLI [v1.7.1]
[2024-01-28 02:21:44] [INFO] ADO ORG: udemydevopscourse
[2024-01-28 02:21:44] [INFO] ADO TEAM PROJECT: The Azure Dev Ops
[2024-01-28 02:21:44] [INFO] ADO REPO: The Azure Dev Ops
[2024-01-28 02:21:44] [INFO] GITHUB ORG: u19test
[2024-01-28 02:21:44] [INFO] GITHUB REPO: The Azure Dev Ops
[2024-01-28 02:21:44] [INFO] Migrating Repo...
[2024-01-28 02:21:44] [DEBUG] HTTP POST: https://api.github.com/graphql
[2024-01-28 02:21:44] [DEBUG] HTTP BODY: {"query":"query($login: String!) {organization(login: $login) { login, id, name } }","variables":{"login":"u19test"}}
[2024-01-28 02:21:45] [DEBUG] GITHUB REQUEST ID: D28A:3F4A1E:815A59:8C6240:65B565D8
[2024-01-28 02:21:45] [DEBUG] RESPONSE (OK): {"data":{"organization":{"login":"u19test","id":"O_kgDOCWkymQ","name":"u19test"}}}
[2024-01-28 02:21:45] [DEBUG] HTTP POST: https://api.github.com/graphql
[2024-01-28 02:21:45] [DEBUG] HTTP BODY: {"query":"mutation createMigrationSource($name: String!, $url: String!, $ownerId: ID!, $type: MigrationSourceType!) { createMigrationSource(input: {name: $name, url: $url, ownerId: $ownerId, type: $type}) { migrationSource { id, name, url, type } } }","variables":{"name":"Azure DevOps Source","url":"https://dev.azure.com","ownerId":"O_kgDOCWkymQ","type":"AZURE_DEVOPS"},"operationName":"createMigrationSource"}
[2024-01-28 02:21:46] [DEBUG] GITHUB REQUEST ID: D28A:3F4A1E:815A77:8C6262:65B565D9
[2024-01-28 02:21:46] [DEBUG] RESPONSE (OK): {"data":{"createMigrationSource":{"migrationSource":{"id":"MS_kgDaACQ5MTVhZGExYS02NTNlLTQzNjUtYmUzZC0zMDljZDRjNGRmZGQ","name":"Azure DevOps Source","url":"https://dev.azure.com","type":"AZURE_DEVOPS"}}}}
[2024-01-28 02:21:46] [DEBUG] HTTP POST: https://api.github.com/graphql
[2024-01-28 02:21:46] [DEBUG] HTTP BODY: {"query":"\n                mutation startRepositoryMigration(\n                    $sourceId: ID!,\n                    $ownerId: ID!,\n                    $sourceRepositoryUrl: URI!,\n                    $repositoryName: String!,\n                    $continueOnError: Boolean!,\n                    $gitArchiveUrl: String,\n                    $metadataArchiveUrl: String,\n                    $accessToken: String!,\n                    $githubPat: String,\n                    $skipReleases: Boolean,\n                    $targetRepoVisibility: String,\n                    $lockSource: Boolean) { \n                startRepositoryMigration(\n                    input: { \n                        sourceId: $sourceId,\n                        ownerId: $ownerId,\n                        sourceRepositoryUrl: $sourceRepositoryUrl,\n                        repositoryName: $repositoryName,\n                        continueOnError: $continueOnError,\n                        gitArchiveUrl: $gitArchiveUrl,\n                        metadataArchiveUrl: $metadataArchiveUrl,\n                        accessToken: $accessToken,\n                        githubPat: $githubPat,\n                        skipReleases: $skipReleases,\n                        targetRepoVisibility: $targetRepoVisibility,\n                        lockSource: $lockSource\n                    }\n                ) {\n                    repositoryMigration {\n                        id,\n                        databaseId,\n                        migrationSource {\n                            id,\n                            name,\n                            type\n                        },\n                        sourceUrl,\n                        state,\n                        failureReason\n                    }\n                  } }","variables":{"sourceId":"MS_kgDaACQ5MTVhZGExYS02NTNlLTQzNjUtYmUzZC0zMDljZDRjNGRmZGQ","ownerId":"O_kgDOCWkymQ","sourceRepositoryUrl":"https://dev.azure.com/udemydevopscourse/The%20Azure%20Dev%20Ops/_git/The%20Azure%20Dev%20Ops","repositoryName":"The Azure Dev Ops","continueOnError":true,"gitArchiveUrl":null,"metadataArchiveUrl":null,"accessToken":"***","githubPat":"***","skipReleases":false,"targetRepoVisibility":null,"lockSource":false},"operationName":"startRepositoryMigration"}
[2024-01-28 02:21:49] [DEBUG] GITHUB REQUEST ID: D28A:3F4A1E:815A8D:8C6279:65B565DA
[2024-01-28 02:21:49] [DEBUG] RESPONSE (OK): {"data":{"startRepositoryMigration":{"repositoryMigration":{"id":"RM_kgDaACRhOTEyZWNiMi03MDE5LTRkYjItYjJkMy1iNTQxN2QzOTY4MWU","databaseId":"a912ecb2-7019-4db2-b2d3-b5417d39681e","migrationSource":{"id":"MS_kgDaACQ5MTVhZGExYS02NTNlLTQzNjUtYmUzZC0zMDljZDRjNGRmZGQ","name":"Azure DevOps Source","type":"AZURE_DEVOPS"},"sourceUrl":"https://dev.azure.com/udemydevopscourse/The%20Azure%20Dev%20Ops/_git/The%20Azure%20Dev%20Ops","state":"PENDING_VALIDATION","failureReason":""}}}}
[2024-01-28 02:21:49] [DEBUG] HTTP POST: https://api.github.com/graphql
[2024-01-28 02:21:49] [DEBUG] HTTP BODY: {"query":"query($id: ID!) { \n                node(id: $id) {\n                    ... on Migration {\n                        id,\n                        sourceUrl,\n                        migrationLogUrl,\n                        migrationSource {\n                            name\n                        },\n                        state,\n                        warningsCount,\n                        failureReason,\n                        repositoryName\n                    }\n                } }","variables":{"id":"RM_kgDaACRhOTEyZWNiMi03MDE5LTRkYjItYjJkMy1iNTQxN2QzOTY4MWU"}}
[2024-01-28 02:21:50] [DEBUG] GITHUB REQUEST ID: D28A:3F4A1E:815B33:8C6338:65B565DD
[2024-01-28 02:21:50] [DEBUG] RESPONSE (OK): {"data":{"node":{"id":"RM_kgDaACRhOTEyZWNiMi03MDE5LTRkYjItYjJkMy1iNTQxN2QzOTY4MWU","sourceUrl":"https://dev.azure.com/udemydevopscourse/The%20Azure%20Dev%20Ops/_git/The%20Azure%20Dev%20Ops","migrationLogUrl":"","migrationSource":{"name":"Azure DevOps Source"},"state":"PENDING_VALIDATION","warningsCount":0,"failureReason":"","repositoryName":"The-Azure-Dev-Ops"}}}
[2024-01-28 02:21:50] [INFO] Migration in progress (ID: RM_kgDaACRhOTEyZWNiMi03MDE5LTRkYjItYjJkMy1iNTQxN2QzOTY4MWU). State: PENDING_VALIDATION. Waiting 10 seconds...
[2024-01-28 02:22:00] [DEBUG] HTTP POST: https://api.github.com/graphql
[2024-01-28 02:22:00] [DEBUG] HTTP BODY: {"query":"query($id: ID!) { \n                node(id: $id) {\n                    ... on Migration {\n                        id,\n                        sourceUrl,\n                        migrationLogUrl,\n                        migrationSource {\n                            name\n                        },\n                        state,\n                        warningsCount,\n                        failureReason,\n                        repositoryName\n                    }\n                } }","variables":{"id":"RM_kgDaACRhOTEyZWNiMi03MDE5LTRkYjItYjJkMy1iNTQxN2QzOTY4MWU"}}
[2024-01-28 02:22:01] [DEBUG] GITHUB REQUEST ID: D28A:3F4A1E:815D07:8C6562:65B565DE
[2024-01-28 02:22:01] [DEBUG] RESPONSE (OK): {"data":{"node":{"id":"RM_kgDaACRhOTEyZWNiMi03MDE5LTRkYjItYjJkMy1iNTQxN2QzOTY4MWU","sourceUrl":"https://dev.azure.com/udemydevopscourse/The%20Azure%20Dev%20Ops/_git/The%20Azure%20Dev%20Ops","migrationLogUrl":"","migrationSource":{"name":"Azure DevOps Source"},"state":"IN_PROGRESS","warningsCount":0,"failureReason":"","repositoryName":"The-Azure-Dev-Ops"}}}
[2024-01-28 02:22:01] [INFO] Migration in progress (ID: RM_kgDaACRhOTEyZWNiMi03MDE5LTRkYjItYjJkMy1iNTQxN2QzOTY4MWU). State: IN_PROGRESS. Waiting 10 seconds...
[2024-01-28 02:22:11] [DEBUG] HTTP POST: https://api.github.com/graphql
[2024-01-28 02:22:11] [DEBUG] HTTP BODY: {"query":"query($id: ID!) { \n                node(id: $id) {\n                    ... on Migration {\n                        id,\n                        sourceUrl,\n                        migrationLogUrl,\n                        migrationSource {\n                            name\n                        },\n                        state,\n                        warningsCount,\n                        failureReason,\n                        repositoryName\n                    }\n                } }","variables":{"id":"RM_kgDaACRhOTEyZWNiMi03MDE5LTRkYjItYjJkMy1iNTQxN2QzOTY4MWU"}}
[2024-01-28 02:22:11] [DEBUG] GITHUB REQUEST ID: D28A:3F4A1E:815F4A:8C67EC:65B565E8
[2024-01-28 02:22:11] [DEBUG] RESPONSE (OK): {"data":{"node":{"id":"RM_kgDaACRhOTEyZWNiMi03MDE5LTRkYjItYjJkMy1iNTQxN2QzOTY4MWU","sourceUrl":"https://dev.azure.com/udemydevopscourse/The%20Azure%20Dev%20Ops/_git/The%20Azure%20Dev%20Ops","migrationLogUrl":"","migrationSource":{"name":"Azure DevOps Source"},"state":"IN_PROGRESS","warningsCount":0,"failureReason":"","repositoryName":"The-Azure-Dev-Ops"}}}
[2024-01-28 02:22:11] [INFO] Migration in progress (ID: RM_kgDaACRhOTEyZWNiMi03MDE5LTRkYjItYjJkMy1iNTQxN2QzOTY4MWU). State: IN_PROGRESS. Waiting 10 seconds...
[2024-01-28 02:22:21] [DEBUG] HTTP POST: https://api.github.com/graphql
[2024-01-28 02:22:21] [DEBUG] HTTP BODY: {"query":"query($id: ID!) { \n                node(id: $id) {\n                    ... on Migration {\n                        id,\n                        sourceUrl,\n                        migrationLogUrl,\n                        migrationSource {\n                            name\n                        },\n                        state,\n                        warningsCount,\n                        failureReason,\n                        repositoryName\n                    }\n                } }","variables":{"id":"RM_kgDaACRhOTEyZWNiMi03MDE5LTRkYjItYjJkMy1iNTQxN2QzOTY4MWU"}}
[2024-01-28 02:22:22] [DEBUG] GITHUB REQUEST ID: D28A:3F4A1E:81612B:8C6A1E:65B565F3
[2024-01-28 02:22:22] [DEBUG] RESPONSE (OK): {"data":{"node":{"id":"RM_kgDaACRhOTEyZWNiMi03MDE5LTRkYjItYjJkMy1iNTQxN2QzOTY4MWU","sourceUrl":"https://dev.azure.com/udemydevopscourse/The%20Azure%20Dev%20Ops/_git/The%20Azure%20Dev%20Ops","migrationLogUrl":"","migrationSource":{"name":"Azure DevOps Source"},"state":"IN_PROGRESS","warningsCount":0,"failureReason":"","repositoryName":"The-Azure-Dev-Ops"}}}
[2024-01-28 02:22:22] [INFO] Migration in progress (ID: RM_kgDaACRhOTEyZWNiMi03MDE5LTRkYjItYjJkMy1iNTQxN2QzOTY4MWU). State: IN_PROGRESS. Waiting 10 seconds...
[2024-01-28 02:22:32] [DEBUG] HTTP POST: https://api.github.com/graphql
[2024-01-28 02:22:32] [DEBUG] HTTP BODY: {"query":"query($id: ID!) { \n                node(id: $id) {\n                    ... on Migration {\n                        id,\n                        sourceUrl,\n                        migrationLogUrl,\n                        migrationSource {\n                            name\n                        },\n                        state,\n                        warningsCount,\n                        failureReason,\n                        repositoryName\n                    }\n                } }","variables":{"id":"RM_kgDaACRhOTEyZWNiMi03MDE5LTRkYjItYjJkMy1iNTQxN2QzOTY4MWU"}}
[2024-01-28 02:22:35] [DEBUG] GITHUB REQUEST ID: D28A:3F4A1E:816349:8C6C7C:65B565FD
[2024-01-28 02:22:35] [DEBUG] RESPONSE (OK): {"data":{"node":{"id":"RM_kgDaACRhOTEyZWNiMi03MDE5LTRkYjItYjJkMy1iNTQxN2QzOTY4MWU","sourceUrl":"https://dev.azure.com/udemydevopscourse/The%20Azure%20Dev%20Ops/_git/The%20Azure%20Dev%20Ops","migrationLogUrl":"https://objects-origin.githubusercontent.com/octoshiftmigrationlogs/u19test/The-Azure-Dev-Ops-a912ecb2-7019-4db2-b2d3-b5417d39681e-logs.txt?X-Amz-Algorithm=AWS4-HMAC-SHA256&X-Amz-Credential=***%2F20240127%2Fus-east-1%2Fs3%2Faws4_request&X-Amz-Date=20240127T202233Z&X-Amz-Expires=432000&X-Amz-Signature=0d375737d5c0a32a854b9b929daab828fc0735e33c6bddae186555893fd11c81&X-Amz-SignedHeaders=host","migrationSource":{"name":"Azure DevOps Source"},"state":"SUCCEEDED","warningsCount":0,"failureReason":"","repositoryName":"The-Azure-Dev-Ops"}}}
[2024-01-28 02:22:35] [INFO] Migration completed (ID: RM_kgDaACRhOTEyZWNiMi03MDE5LTRkYjItYjJkMy1iNTQxN2QzOTY4MWU)! State: SUCCEEDED
[2024-01-28 02:22:35] [INFO] Migration log available at https://objects-origin.githubusercontent.com/octoshiftmigrationlogs/u19test/The-Azure-Dev-Ops-a912ecb2-7019-4db2-b2d3-b5417d39681e-logs.txt?X-Amz-Algorithm=AWS4-HMAC-SHA256&X-Amz-Credential=***%2F20240127%2Fus-east-1%2Fs3%2Faws4_request&X-Amz-Date=20240127T202233Z&X-Amz-Expires=432000&X-Amz-Signature=0d375737d5c0a32a854b9b929daab828fc0735e33c6bddae186555893fd11c81&X-Amz-SignedHeaders=host or by running `gh ado2gh download-logs --github-org u19test --github-repo The Azure Dev Ops`
