[2024-01-28 02:22:51] [DEBUG] HTTP GET: https://www.githubstatus.com/api/v2/incidents/unresolved.json
[2024-01-28 02:22:53] [DEBUG] RESPONSE (OK): {"page":{"id":"kctbh9vrtdwd","name":"GitHub","url":"https://www.githubstatus.com","time_zone":"Etc/UTC","updated_at":"2024-01-27T18:43:57.523Z"},"incidents":[]}
[2024-01-28 02:22:53] [DEBUG] HTTP GET: https://raw.githubusercontent.com/github/gh-gei/main/LATEST-VERSION.txt
[2024-01-28 02:22:53] [DEBUG] RESPONSE (OK): v1.7.1

[2024-01-28 02:22:53] [INFO] You are running an up-to-date version of the ado2gh CLI [v1.7.1]
[2024-01-28 02:22:53] [INFO] ADO ORG: udemydevopscourse
[2024-01-28 02:22:53] [INFO] ADO TEAM PROJECT: The Mcguffin
[2024-01-28 02:22:53] [INFO] ADO REPO: The Mcguffin
[2024-01-28 02:22:53] [INFO] GITHUB ORG: u19test
[2024-01-28 02:22:53] [INFO] GITHUB REPO: The Mcguffin
[2024-01-28 02:22:53] [INFO] Migrating Repo...
[2024-01-28 02:22:53] [DEBUG] HTTP POST: https://api.github.com/graphql
[2024-01-28 02:22:53] [DEBUG] HTTP BODY: {"query":"query($login: String!) {organization(login: $login) { login, id, name } }","variables":{"login":"u19test"}}
[2024-01-28 02:22:54] [DEBUG] GITHUB REQUEST ID: EDEA:1A0D6C:83BE10:8EDE52:65B5661E
[2024-01-28 02:22:54] [DEBUG] RESPONSE (OK): {"data":{"organization":{"login":"u19test","id":"O_kgDOCWkymQ","name":"u19test"}}}
[2024-01-28 02:22:54] [DEBUG] HTTP POST: https://api.github.com/graphql
[2024-01-28 02:22:54] [DEBUG] HTTP BODY: {"query":"mutation createMigrationSource($name: String!, $url: String!, $ownerId: ID!, $type: MigrationSourceType!) { createMigrationSource(input: {name: $name, url: $url, ownerId: $ownerId, type: $type}) { migrationSource { id, name, url, type } } }","variables":{"name":"Azure DevOps Source","url":"https://dev.azure.com","ownerId":"O_kgDOCWkymQ","type":"AZURE_DEVOPS"},"operationName":"createMigrationSource"}
[2024-01-28 02:22:55] [DEBUG] GITHUB REQUEST ID: EDEA:1A0D6C:83BE2A:8EDE6B:65B5661E
[2024-01-28 02:22:55] [DEBUG] RESPONSE (OK): {"data":{"createMigrationSource":{"migrationSource":{"id":"MS_kgDaACRhYzdmM2IzMi1kYjBlLTRhYTItODZlMi02YzUxM2Y4ZWNlYTQ","name":"Azure DevOps Source","url":"https://dev.azure.com","type":"AZURE_DEVOPS"}}}}
[2024-01-28 02:22:55] [DEBUG] HTTP POST: https://api.github.com/graphql
[2024-01-28 02:22:55] [DEBUG] HTTP BODY: {"query":"\n                mutation startRepositoryMigration(\n                    $sourceId: ID!,\n                    $ownerId: ID!,\n                    $sourceRepositoryUrl: URI!,\n                    $repositoryName: String!,\n                    $continueOnError: Boolean!,\n                    $gitArchiveUrl: String,\n                    $metadataArchiveUrl: String,\n                    $accessToken: String!,\n                    $githubPat: String,\n                    $skipReleases: Boolean,\n                    $targetRepoVisibility: String,\n                    $lockSource: Boolean) { \n                startRepositoryMigration(\n                    input: { \n                        sourceId: $sourceId,\n                        ownerId: $ownerId,\n                        sourceRepositoryUrl: $sourceRepositoryUrl,\n                        repositoryName: $repositoryName,\n                        continueOnError: $continueOnError,\n                        gitArchiveUrl: $gitArchiveUrl,\n                        metadataArchiveUrl: $metadataArchiveUrl,\n                        accessToken: $accessToken,\n                        githubPat: $githubPat,\n                        skipReleases: $skipReleases,\n                        targetRepoVisibility: $targetRepoVisibility,\n                        lockSource: $lockSource\n                    }\n                ) {\n                    repositoryMigration {\n                        id,\n                        databaseId,\n                        migrationSource {\n                            id,\n                            name,\n                            type\n                        },\n                        sourceUrl,\n                        state,\n                        failureReason\n                    }\n                  } }","variables":{"sourceId":"MS_kgDaACRhYzdmM2IzMi1kYjBlLTRhYTItODZlMi02YzUxM2Y4ZWNlYTQ","ownerId":"O_kgDOCWkymQ","sourceRepositoryUrl":"https://dev.azure.com/udemydevopscourse/The%20Mcguffin/_git/The%20Mcguffin","repositoryName":"The Mcguffin","continueOnError":true,"gitArchiveUrl":null,"metadataArchiveUrl":null,"accessToken":"***","githubPat":"***","skipReleases":false,"targetRepoVisibility":null,"lockSource":false},"operationName":"startRepositoryMigration"}
[2024-01-28 02:22:57] [DEBUG] GITHUB REQUEST ID: EDEA:1A0D6C:83BE4B:8EDEA0:65B5661F
[2024-01-28 02:22:57] [DEBUG] RESPONSE (OK): {"data":{"startRepositoryMigration":{"repositoryMigration":{"id":"RM_kgDaACQyZjBkZGZjNC1iNTZhLTQ2ZGItYjNiYS1lOWFlMTVmZTZiMGU","databaseId":"2f0ddfc4-b56a-46db-b3ba-e9ae15fe6b0e","migrationSource":{"id":"MS_kgDaACRhYzdmM2IzMi1kYjBlLTRhYTItODZlMi02YzUxM2Y4ZWNlYTQ","name":"Azure DevOps Source","type":"AZURE_DEVOPS"},"sourceUrl":"https://dev.azure.com/udemydevopscourse/The%20Mcguffin/_git/The%20Mcguffin","state":"PENDING_VALIDATION","failureReason":""}}}}
[2024-01-28 02:22:57] [DEBUG] HTTP POST: https://api.github.com/graphql
[2024-01-28 02:22:57] [DEBUG] HTTP BODY: {"query":"query($id: ID!) { \n                node(id: $id) {\n                    ... on Migration {\n                        id,\n                        sourceUrl,\n                        migrationLogUrl,\n                        migrationSource {\n                            name\n                        },\n                        state,\n                        warningsCount,\n                        failureReason,\n                        repositoryName\n                    }\n                } }","variables":{"id":"RM_kgDaACQyZjBkZGZjNC1iNTZhLTQ2ZGItYjNiYS1lOWFlMTVmZTZiMGU"}}
[2024-01-28 02:22:59] [DEBUG] GITHUB REQUEST ID: EDEA:1A0D6C:83BECE:8EDF28:65B56621
[2024-01-28 02:22:59] [DEBUG] RESPONSE (OK): {"data":{"node":{"id":"RM_kgDaACQyZjBkZGZjNC1iNTZhLTQ2ZGItYjNiYS1lOWFlMTVmZTZiMGU","sourceUrl":"https://dev.azure.com/udemydevopscourse/The%20Mcguffin/_git/The%20Mcguffin","migrationLogUrl":"","migrationSource":{"name":"Azure DevOps Source"},"state":"QUEUED","warningsCount":0,"failureReason":"","repositoryName":"The-Mcguffin"}}}
[2024-01-28 02:22:59] [INFO] Migration in progress (ID: RM_kgDaACQyZjBkZGZjNC1iNTZhLTQ2ZGItYjNiYS1lOWFlMTVmZTZiMGU). State: QUEUED. Waiting 10 seconds...
[2024-01-28 02:23:09] [DEBUG] HTTP POST: https://api.github.com/graphql
[2024-01-28 02:23:09] [DEBUG] HTTP BODY: {"query":"query($id: ID!) { \n                node(id: $id) {\n                    ... on Migration {\n                        id,\n                        sourceUrl,\n                        migrationLogUrl,\n                        migrationSource {\n                            name\n                        },\n                        state,\n                        warningsCount,\n                        failureReason,\n                        repositoryName\n                    }\n                } }","variables":{"id":"RM_kgDaACQyZjBkZGZjNC1iNTZhLTQ2ZGItYjNiYS1lOWFlMTVmZTZiMGU"}}
[2024-01-28 02:23:11] [DEBUG] GITHUB REQUEST ID: EDEA:1A0D6C:83C177:8EE236:65B56623
[2024-01-28 02:23:11] [DEBUG] RESPONSE (OK): {"data":{"node":{"id":"RM_kgDaACQyZjBkZGZjNC1iNTZhLTQ2ZGItYjNiYS1lOWFlMTVmZTZiMGU","sourceUrl":"https://dev.azure.com/udemydevopscourse/The%20Mcguffin/_git/The%20Mcguffin","migrationLogUrl":"","migrationSource":{"name":"Azure DevOps Source"},"state":"IN_PROGRESS","warningsCount":0,"failureReason":"","repositoryName":"The-Mcguffin"}}}
[2024-01-28 02:23:11] [INFO] Migration in progress (ID: RM_kgDaACQyZjBkZGZjNC1iNTZhLTQ2ZGItYjNiYS1lOWFlMTVmZTZiMGU). State: IN_PROGRESS. Waiting 10 seconds...
[2024-01-28 02:23:21] [DEBUG] HTTP POST: https://api.github.com/graphql
[2024-01-28 02:23:21] [DEBUG] HTTP BODY: {"query":"query($id: ID!) { \n                node(id: $id) {\n                    ... on Migration {\n                        id,\n                        sourceUrl,\n                        migrationLogUrl,\n                        migrationSource {\n                            name\n                        },\n                        state,\n                        warningsCount,\n                        failureReason,\n                        repositoryName\n                    }\n                } }","variables":{"id":"RM_kgDaACQyZjBkZGZjNC1iNTZhLTQ2ZGItYjNiYS1lOWFlMTVmZTZiMGU"}}
[2024-01-28 02:23:23] [DEBUG] GITHUB REQUEST ID: EDEA:1A0D6C:83C42B:8EE528:65B5662F
[2024-01-28 02:23:23] [DEBUG] RESPONSE (OK): {"data":{"node":{"id":"RM_kgDaACQyZjBkZGZjNC1iNTZhLTQ2ZGItYjNiYS1lOWFlMTVmZTZiMGU","sourceUrl":"https://dev.azure.com/udemydevopscourse/The%20Mcguffin/_git/The%20Mcguffin","migrationLogUrl":"","migrationSource":{"name":"Azure DevOps Source"},"state":"IN_PROGRESS","warningsCount":0,"failureReason":"","repositoryName":"The-Mcguffin"}}}
[2024-01-28 02:23:23] [INFO] Migration in progress (ID: RM_kgDaACQyZjBkZGZjNC1iNTZhLTQ2ZGItYjNiYS1lOWFlMTVmZTZiMGU). State: IN_PROGRESS. Waiting 10 seconds...
[2024-01-28 02:23:33] [DEBUG] HTTP POST: https://api.github.com/graphql
[2024-01-28 02:23:33] [DEBUG] HTTP BODY: {"query":"query($id: ID!) { \n                node(id: $id) {\n                    ... on Migration {\n                        id,\n                        sourceUrl,\n                        migrationLogUrl,\n                        migrationSource {\n                            name\n                        },\n                        state,\n                        warningsCount,\n                        failureReason,\n                        repositoryName\n                    }\n                } }","variables":{"id":"RM_kgDaACQyZjBkZGZjNC1iNTZhLTQ2ZGItYjNiYS1lOWFlMTVmZTZiMGU"}}
[2024-01-28 02:23:34] [DEBUG] GITHUB REQUEST ID: EDEA:1A0D6C:83C6F5:8EE852:65B5663B
[2024-01-28 02:23:34] [DEBUG] RESPONSE (OK): {"data":{"node":{"id":"RM_kgDaACQyZjBkZGZjNC1iNTZhLTQ2ZGItYjNiYS1lOWFlMTVmZTZiMGU","sourceUrl":"https://dev.azure.com/udemydevopscourse/The%20Mcguffin/_git/The%20Mcguffin","migrationLogUrl":"","migrationSource":{"name":"Azure DevOps Source"},"state":"IN_PROGRESS","warningsCount":0,"failureReason":"","repositoryName":"The-Mcguffin"}}}
[2024-01-28 02:23:34] [INFO] Migration in progress (ID: RM_kgDaACQyZjBkZGZjNC1iNTZhLTQ2ZGItYjNiYS1lOWFlMTVmZTZiMGU). State: IN_PROGRESS. Waiting 10 seconds...
[2024-01-28 02:23:44] [DEBUG] HTTP POST: https://api.github.com/graphql
[2024-01-28 02:23:44] [DEBUG] HTTP BODY: {"query":"query($id: ID!) { \n                node(id: $id) {\n                    ... on Migration {\n                        id,\n                        sourceUrl,\n                        migrationLogUrl,\n                        migrationSource {\n                            name\n                        },\n                        state,\n                        warningsCount,\n                        failureReason,\n                        repositoryName\n                    }\n                } }","variables":{"id":"RM_kgDaACQyZjBkZGZjNC1iNTZhLTQ2ZGItYjNiYS1lOWFlMTVmZTZiMGU"}}
[2024-01-28 02:23:44] [DEBUG] GITHUB REQUEST ID: EDEA:1A0D6C:83C933:8EEADC:65B56646
[2024-01-28 02:23:44] [DEBUG] RESPONSE (OK): {"data":{"node":{"id":"RM_kgDaACQyZjBkZGZjNC1iNTZhLTQ2ZGItYjNiYS1lOWFlMTVmZTZiMGU","sourceUrl":"https://dev.azure.com/udemydevopscourse/The%20Mcguffin/_git/The%20Mcguffin","migrationLogUrl":"https://objects-origin.githubusercontent.com/octoshiftmigrationlogs/u19test/The-Mcguffin-2f0ddfc4-b56a-46db-b3ba-e9ae15fe6b0e-logs.txt?X-Amz-Algorithm=AWS4-HMAC-SHA256&X-Amz-Credential=***%2F20240127%2Fus-east-1%2Fs3%2Faws4_request&X-Amz-Date=20240127T202344Z&X-Amz-Expires=432000&X-Amz-Signature=353b093f6d70f546f5ce9405ef5750fa57aded2d47b9df086b945057f97d8dfa&X-Amz-SignedHeaders=host","migrationSource":{"name":"Azure DevOps Source"},"state":"SUCCEEDED","warningsCount":0,"failureReason":"","repositoryName":"The-Mcguffin"}}}
[2024-01-28 02:23:44] [INFO] Migration completed (ID: RM_kgDaACQyZjBkZGZjNC1iNTZhLTQ2ZGItYjNiYS1lOWFlMTVmZTZiMGU)! State: SUCCEEDED
[2024-01-28 02:23:44] [INFO] Migration log available at https://objects-origin.githubusercontent.com/octoshiftmigrationlogs/u19test/The-Mcguffin-2f0ddfc4-b56a-46db-b3ba-e9ae15fe6b0e-logs.txt?X-Amz-Algorithm=AWS4-HMAC-SHA256&X-Amz-Credential=***%2F20240127%2Fus-east-1%2Fs3%2Faws4_request&X-Amz-Date=20240127T202344Z&X-Amz-Expires=432000&X-Amz-Signature=353b093f6d70f546f5ce9405ef5750fa57aded2d47b9df086b945057f97d8dfa&X-Amz-SignedHeaders=host or by running `gh ado2gh download-logs --github-org u19test --github-repo The Mcguffin`
