[2024-01-28 02:22:39] [DEBUG] HTTP GET: https://www.githubstatus.com/api/v2/incidents/unresolved.json
[2024-01-28 02:22:41] [DEBUG] RESPONSE (OK): {"page":{"id":"kctbh9vrtdwd","name":"GitHub","url":"https://www.githubstatus.com","time_zone":"Etc/UTC","updated_at":"2024-01-27T18:43:57.523Z"},"incidents":[]}
[2024-01-28 02:22:41] [DEBUG] HTTP GET: https://raw.githubusercontent.com/github/gh-gei/main/LATEST-VERSION.txt
[2024-01-28 02:22:41] [DEBUG] RESPONSE (OK): v1.7.1

[2024-01-28 02:22:41] [INFO] You are running an up-to-date version of the ado2gh CLI [v1.7.1]
[2024-01-28 02:22:41] [INFO] ADO ORG: udemydevopscourse
[2024-01-28 02:22:41] [INFO] ADO TEAM PROJECT: The Mcguffin
[2024-01-28 02:22:41] [INFO] ADO REPO: Dual-Axis-Illusion
[2024-01-28 02:22:41] [INFO] GITHUB ORG: u19test
[2024-01-28 02:22:41] [INFO] GITHUB REPO: Dual-Axis-Illusion
[2024-01-28 02:22:41] [INFO] Migrating Repo...
[2024-01-28 02:22:41] [DEBUG] HTTP POST: https://api.github.com/graphql
[2024-01-28 02:22:42] [DEBUG] HTTP BODY: {"query":"query($login: String!) {organization(login: $login) { login, id, name } }","variables":{"login":"u19test"}}
[2024-01-28 02:22:43] [DEBUG] GITHUB REQUEST ID: DD6A:1A0D6C:83BBA5:8EDBA7:65B56612
[2024-01-28 02:22:43] [DEBUG] RESPONSE (OK): {"data":{"organization":{"login":"u19test","id":"O_kgDOCWkymQ","name":"u19test"}}}
[2024-01-28 02:22:43] [DEBUG] HTTP POST: https://api.github.com/graphql
[2024-01-28 02:22:43] [DEBUG] HTTP BODY: {"query":"mutation createMigrationSource($name: String!, $url: String!, $ownerId: ID!, $type: MigrationSourceType!) { createMigrationSource(input: {name: $name, url: $url, ownerId: $ownerId, type: $type}) { migrationSource { id, name, url, type } } }","variables":{"name":"Azure DevOps Source","url":"https://dev.azure.com","ownerId":"O_kgDOCWkymQ","type":"AZURE_DEVOPS"},"operationName":"createMigrationSource"}
[2024-01-28 02:22:43] [DEBUG] GITHUB REQUEST ID: DD6A:1A0D6C:83BBC1:8EDBC3:65B56613
[2024-01-28 02:22:43] [DEBUG] RESPONSE (OK): {"data":{"createMigrationSource":{"migrationSource":{"id":"MS_kgDaACQ4YTFjODJmOS03MzA3LTQyYzktOTNkNy01NDQ4MDQxNzcwYWY","name":"Azure DevOps Source","url":"https://dev.azure.com","type":"AZURE_DEVOPS"}}}}
[2024-01-28 02:22:43] [DEBUG] HTTP POST: https://api.github.com/graphql
[2024-01-28 02:22:43] [DEBUG] HTTP BODY: {"query":"\n                mutation startRepositoryMigration(\n                    $sourceId: ID!,\n                    $ownerId: ID!,\n                    $sourceRepositoryUrl: URI!,\n                    $repositoryName: String!,\n                    $continueOnError: Boolean!,\n                    $gitArchiveUrl: String,\n                    $metadataArchiveUrl: String,\n                    $accessToken: String!,\n                    $githubPat: String,\n                    $skipReleases: Boolean,\n                    $targetRepoVisibility: String,\n                    $lockSource: Boolean) { \n                startRepositoryMigration(\n                    input: { \n                        sourceId: $sourceId,\n                        ownerId: $ownerId,\n                        sourceRepositoryUrl: $sourceRepositoryUrl,\n                        repositoryName: $repositoryName,\n                        continueOnError: $continueOnError,\n                        gitArchiveUrl: $gitArchiveUrl,\n                        metadataArchiveUrl: $metadataArchiveUrl,\n                        accessToken: $accessToken,\n                        githubPat: $githubPat,\n                        skipReleases: $skipReleases,\n                        targetRepoVisibility: $targetRepoVisibility,\n                        lockSource: $lockSource\n                    }\n                ) {\n                    repositoryMigration {\n                        id,\n                        databaseId,\n                        migrationSource {\n                            id,\n                            name,\n                            type\n                        },\n                        sourceUrl,\n                        state,\n                        failureReason\n                    }\n                  } }","variables":{"sourceId":"MS_kgDaACQ4YTFjODJmOS03MzA3LTQyYzktOTNkNy01NDQ4MDQxNzcwYWY","ownerId":"O_kgDOCWkymQ","sourceRepositoryUrl":"https://dev.azure.com/udemydevopscourse/The%20Mcguffin/_git/Dual-Axis-Illusion","repositoryName":"Dual-Axis-Illusion","continueOnError":true,"gitArchiveUrl":null,"metadataArchiveUrl":null,"accessToken":"***","githubPat":"***","skipReleases":false,"targetRepoVisibility":null,"lockSource":false},"operationName":"startRepositoryMigration"}
[2024-01-28 02:22:46] [DEBUG] GITHUB REQUEST ID: DD6A:1A0D6C:83BBF0:8EDBEF:65B56613
[2024-01-28 02:22:46] [DEBUG] RESPONSE (OK): {"data":{"startRepositoryMigration":{"repositoryMigration":{"id":"RM_kgDaACQ5MTFmMGMzNi00MTk2LTQzNTAtYjY1Yy01ZjhjOWY4YTg0ZDY","databaseId":"911f0c36-4196-4350-b65c-5f8c9f8a84d6","migrationSource":{"id":"MS_kgDaACQ4YTFjODJmOS03MzA3LTQyYzktOTNkNy01NDQ4MDQxNzcwYWY","name":"Azure DevOps Source","type":"AZURE_DEVOPS"},"sourceUrl":"https://dev.azure.com/udemydevopscourse/The%20Mcguffin/_git/Dual-Axis-Illusion","state":"PENDING_VALIDATION","failureReason":""}}}}
[2024-01-28 02:22:46] [DEBUG] HTTP POST: https://api.github.com/graphql
[2024-01-28 02:22:46] [DEBUG] HTTP BODY: {"query":"query($id: ID!) { \n                node(id: $id) {\n                    ... on Migration {\n                        id,\n                        sourceUrl,\n                        migrationLogUrl,\n                        migrationSource {\n                            name\n                        },\n                        state,\n                        warningsCount,\n                        failureReason,\n                        repositoryName\n                    }\n                } }","variables":{"id":"RM_kgDaACQ5MTFmMGMzNi00MTk2LTQzNTAtYjY1Yy01ZjhjOWY4YTg0ZDY"}}
[2024-01-28 02:22:46] [DEBUG] GITHUB REQUEST ID: DD6A:1A0D6C:83BC6F:8EDC82:65B56616
[2024-01-28 02:22:46] [DEBUG] RESPONSE (OK): {"data":{"node":{"id":"RM_kgDaACQ5MTFmMGMzNi00MTk2LTQzNTAtYjY1Yy01ZjhjOWY4YTg0ZDY","sourceUrl":"https://dev.azure.com/udemydevopscourse/The%20Mcguffin/_git/Dual-Axis-Illusion","migrationLogUrl":"","migrationSource":{"name":"Azure DevOps Source"},"state":"FAILED","warningsCount":0,"failureReason":"The source repository does not exist or you do not have permissions. Please ensure https://dev.azure.com/udemydevopscourse/The%20Mcguffin/_git/Dual-Axis-Illusion is the correct source url.","repositoryName":"Dual-Axis-Illusion"}}}
[2024-01-28 02:22:46] [ERROR] Migration Failed. Migration ID: RM_kgDaACQ5MTFmMGMzNi00MTk2LTQzNTAtYjY1Yy01ZjhjOWY4YTg0ZDY
[2024-01-28 02:22:46] [INFO] Migration log available at  or by running `gh ado2gh download-logs --github-org u19test --github-repo Dual-Axis-Illusion`
[2024-01-28 02:22:46] [ERROR] OctoshiftCLI.OctoshiftCliException: The source repository does not exist or you do not have permissions. Please ensure https://dev.azure.com/udemydevopscourse/The%20Mcguffin/_git/Dual-Axis-Illusion is the correct source url.
   at OctoshiftCLI.AdoToGithub.Commands.MigrateRepo.MigrateRepoCommandHandler.Handle(MigrateRepoCommandArgs args)
   at OctoshiftCLI.Extensions.CommandExtensions.RunHandler[TArgs,THandler](TArgs args, ServiceProvider sp, CommandBase`2 command)
   at OctoshiftCLI.Extensions.CommandExtensions.<>c__DisplayClass1_0`3.<<ConfigureCommand>b__0>d.MoveNext()
--- End of stack trace from previous location ---
   at System.CommandLine.Invocation.AnonymousCommandHandler.InvokeAsync(InvocationContext )
   at System.CommandLine.Invocation.InvocationPipeline.<>c__DisplayClass4_0.<<BuildInvocationChain>b__0>d.MoveNext()
--- End of stack trace from previous location ---
   at System.CommandLine.Builder.CommandLineBuilderExtensions.<>c__DisplayClass17_0.<<UseParseErrorReporting>b__0>d.MoveNext()
--- End of stack trace from previous location ---
   at System.CommandLine.Builder.CommandLineBuilderExtensions.<>c__DisplayClass12_0.<<UseHelp>b__0>d.MoveNext()
--- End of stack trace from previous location ---
   at System.CommandLine.Builder.CommandLineBuilderExtensions.<>c__DisplayClass22_0.<<UseVersionOption>b__0>d.MoveNext()
--- End of stack trace from previous location ---
   at System.CommandLine.Builder.CommandLineBuilderExtensions.<>c__DisplayClass19_0.<<UseTypoCorrections>b__0>d.MoveNext()
--- End of stack trace from previous location ---
   at System.CommandLine.Builder.CommandLineBuilderExtensions.<>c.<<UseSuggestDirective>b__18_0>d.MoveNext()
--- End of stack trace from previous location ---
   at System.CommandLine.Builder.CommandLineBuilderExtensions.<>c__DisplayClass16_0.<<UseParseDirective>b__0>d.MoveNext()
--- End of stack trace from previous location ---
   at System.CommandLine.Builder.CommandLineBuilderExtensions.<>c.<<RegisterWithDotnetSuggest>b__5_0>d.MoveNext()
--- End of stack trace from previous location ---
   at System.CommandLine.Builder.CommandLineBuilderExtensions.<>c__DisplayClass8_0.<<UseExceptionHandler>b__0>d.MoveNext()
