[2024-01-28 01:51:22] [DEBUG] HTTP GET: https://www.githubstatus.com/api/v2/incidents/unresolved.json
[2024-01-28 01:51:25] [DEBUG] RESPONSE (OK): {"page":{"id":"kctbh9vrtdwd","name":"GitHub","url":"https://www.githubstatus.com","time_zone":"Etc/UTC","updated_at":"2024-01-27T18:43:57.523Z"},"incidents":[]}
[2024-01-28 01:51:25] [DEBUG] HTTP GET: https://raw.githubusercontent.com/github/gh-gei/main/LATEST-VERSION.txt
[2024-01-28 01:51:26] [DEBUG] RESPONSE (OK): v1.7.1

[2024-01-28 01:51:26] [INFO] You are running an up-to-date version of the ado2gh CLI [v1.7.1]
[2024-01-28 01:51:26] [INFO] ADO ORG: udemydevopscourse
[2024-01-28 01:51:26] [INFO] ADO TEAM PROJECT: The Azure Dev Ops
[2024-01-28 01:51:26] [INFO] ADO REPO: The Azure Dev Ops
[2024-01-28 01:51:26] [INFO] GITHUB ORG: u19test
[2024-01-28 01:51:26] [INFO] GITHUB REPO: The Azure Dev Ops
[2024-01-28 01:51:26] [INFO] Migrating Repo...
[2024-01-28 01:51:26] [DEBUG] HTTP POST: https://api.github.com/graphql
[2024-01-28 01:51:26] [DEBUG] HTTP BODY: {"query":"query($login: String!) {organization(login: $login) { login, id, name } }","variables":{"login":"u19test"}}
[2024-01-28 01:51:27] [DEBUG] GITHUB REQUEST ID: 8A4E:3C8B07:84D1E6:8FA8B7:65B55EBF
[2024-01-28 01:51:27] [DEBUG] RESPONSE (OK): {"data":{"organization":{"login":"u19test","id":"O_kgDOCWkymQ","name":"u19test"}}}
[2024-01-28 01:51:27] [DEBUG] HTTP POST: https://api.github.com/graphql
[2024-01-28 01:51:27] [DEBUG] HTTP BODY: {"query":"mutation createMigrationSource($name: String!, $url: String!, $ownerId: ID!, $type: MigrationSourceType!) { createMigrationSource(input: {name: $name, url: $url, ownerId: $ownerId, type: $type}) { migrationSource { id, name, url, type } } }","variables":{"name":"Azure DevOps Source","url":"https://dev.azure.com","ownerId":"O_kgDOCWkymQ","type":"AZURE_DEVOPS"},"operationName":"createMigrationSource"}
[2024-01-28 01:51:29] [DEBUG] GITHUB REQUEST ID: 8A4E:3C8B07:84D1FF:8FA8D8:65B55EBF
[2024-01-28 01:51:29] [DEBUG] RESPONSE (OK): {"data":{"createMigrationSource":{"migrationSource":{"id":"MS_kgDaACQwMWIyOTgwOS0xY2I3LTQxY2YtOTE4Ni1hODI2OGQ4MWZkYjY","name":"Azure DevOps Source","url":"https://dev.azure.com","type":"AZURE_DEVOPS"}}}}
[2024-01-28 01:51:29] [DEBUG] HTTP POST: https://api.github.com/graphql
[2024-01-28 01:51:29] [DEBUG] HTTP BODY: {"query":"\n                mutation startRepositoryMigration(\n                    $sourceId: ID!,\n                    $ownerId: ID!,\n                    $sourceRepositoryUrl: URI!,\n                    $repositoryName: String!,\n                    $continueOnError: Boolean!,\n                    $gitArchiveUrl: String,\n                    $metadataArchiveUrl: String,\n                    $accessToken: String!,\n                    $githubPat: String,\n                    $skipReleases: Boolean,\n                    $targetRepoVisibility: String,\n                    $lockSource: Boolean) { \n                startRepositoryMigration(\n                    input: { \n                        sourceId: $sourceId,\n                        ownerId: $ownerId,\n                        sourceRepositoryUrl: $sourceRepositoryUrl,\n                        repositoryName: $repositoryName,\n                        continueOnError: $continueOnError,\n                        gitArchiveUrl: $gitArchiveUrl,\n                        metadataArchiveUrl: $metadataArchiveUrl,\n                        accessToken: $accessToken,\n                        githubPat: $githubPat,\n                        skipReleases: $skipReleases,\n                        targetRepoVisibility: $targetRepoVisibility,\n                        lockSource: $lockSource\n                    }\n                ) {\n                    repositoryMigration {\n                        id,\n                        databaseId,\n                        migrationSource {\n                            id,\n                            name,\n                            type\n                        },\n                        sourceUrl,\n                        state,\n                        failureReason\n                    }\n                  } }","variables":{"sourceId":"MS_kgDaACQwMWIyOTgwOS0xY2I3LTQxY2YtOTE4Ni1hODI2OGQ4MWZkYjY","ownerId":"O_kgDOCWkymQ","sourceRepositoryUrl":"https://dev.azure.com/udemydevopscourse/The%20Azure%20Dev%20Ops/_git/The%20Azure%20Dev%20Ops","repositoryName":"The Azure Dev Ops","continueOnError":true,"gitArchiveUrl":null,"metadataArchiveUrl":null,"accessToken":"***","githubPat":"***","skipReleases":false,"targetRepoVisibility":null,"lockSource":false},"operationName":"startRepositoryMigration"}
[2024-01-28 01:51:35] [DEBUG] GITHUB REQUEST ID: 8A4E:3C8B07:84D26E:8FA956:65B55EC1
[2024-01-28 01:51:35] [DEBUG] RESPONSE (OK): {"data":{"startRepositoryMigration":{"repositoryMigration":{"id":"RM_kgDaACQ4NTQzYTQyYi0xY2E4LTRlYjctOWU1OS1mYmE0NjAyZGIzNDU","databaseId":"8543a42b-1ca8-4eb7-9e59-fba4602db345","migrationSource":{"id":"MS_kgDaACQwMWIyOTgwOS0xY2I3LTQxY2YtOTE4Ni1hODI2OGQ4MWZkYjY","name":"Azure DevOps Source","type":"AZURE_DEVOPS"},"sourceUrl":"https://dev.azure.com/udemydevopscourse/The%20Azure%20Dev%20Ops/_git/The%20Azure%20Dev%20Ops","state":"PENDING_VALIDATION","failureReason":""}}}}
[2024-01-28 01:51:35] [DEBUG] HTTP POST: https://api.github.com/graphql
[2024-01-28 01:51:35] [DEBUG] HTTP BODY: {"query":"query($id: ID!) { \n                node(id: $id) {\n                    ... on Migration {\n                        id,\n                        sourceUrl,\n                        migrationLogUrl,\n                        migrationSource {\n                            name\n                        },\n                        state,\n                        warningsCount,\n                        failureReason,\n                        repositoryName\n                    }\n                } }","variables":{"id":"RM_kgDaACQ4NTQzYTQyYi0xY2E4LTRlYjctOWU1OS1mYmE0NjAyZGIzNDU"}}
[2024-01-28 01:51:37] [DEBUG] GITHUB REQUEST ID: 8A4E:3C8B07:84D3BA:8FAAB9:65B55EC7
[2024-01-28 01:51:37] [DEBUG] RESPONSE (OK): {"data":{"node":{"id":"RM_kgDaACQ4NTQzYTQyYi0xY2E4LTRlYjctOWU1OS1mYmE0NjAyZGIzNDU","sourceUrl":"https://dev.azure.com/udemydevopscourse/The%20Azure%20Dev%20Ops/_git/The%20Azure%20Dev%20Ops","migrationLogUrl":"","migrationSource":{"name":"Azure DevOps Source"},"state":"QUEUED","warningsCount":0,"failureReason":"","repositoryName":"The-Azure-Dev-Ops"}}}
[2024-01-28 01:51:37] [INFO] Migration in progress (ID: RM_kgDaACQ4NTQzYTQyYi0xY2E4LTRlYjctOWU1OS1mYmE0NjAyZGIzNDU). State: QUEUED. Waiting 10 seconds...
[2024-01-28 01:51:47] [DEBUG] HTTP POST: https://api.github.com/graphql
[2024-01-28 01:51:47] [DEBUG] HTTP BODY: {"query":"query($id: ID!) { \n                node(id: $id) {\n                    ... on Migration {\n                        id,\n                        sourceUrl,\n                        migrationLogUrl,\n                        migrationSource {\n                            name\n                        },\n                        state,\n                        warningsCount,\n                        failureReason,\n                        repositoryName\n                    }\n                } }","variables":{"id":"RM_kgDaACQ4NTQzYTQyYi0xY2E4LTRlYjctOWU1OS1mYmE0NjAyZGIzNDU"}}
[2024-01-28 01:51:49] [DEBUG] GITHUB REQUEST ID: 8A4E:3C8B07:84D657:8FADAC:65B55EC9
[2024-01-28 01:51:49] [DEBUG] RESPONSE (OK): {"data":{"node":{"id":"RM_kgDaACQ4NTQzYTQyYi0xY2E4LTRlYjctOWU1OS1mYmE0NjAyZGIzNDU","sourceUrl":"https://dev.azure.com/udemydevopscourse/The%20Azure%20Dev%20Ops/_git/The%20Azure%20Dev%20Ops","migrationLogUrl":"","migrationSource":{"name":"Azure DevOps Source"},"state":"QUEUED","warningsCount":0,"failureReason":"","repositoryName":"The-Azure-Dev-Ops"}}}
[2024-01-28 01:51:49] [INFO] Migration in progress (ID: RM_kgDaACQ4NTQzYTQyYi0xY2E4LTRlYjctOWU1OS1mYmE0NjAyZGIzNDU). State: QUEUED. Waiting 10 seconds...
[2024-01-28 01:51:59] [DEBUG] HTTP POST: https://api.github.com/graphql
[2024-01-28 01:51:59] [DEBUG] HTTP BODY: {"query":"query($id: ID!) { \n                node(id: $id) {\n                    ... on Migration {\n                        id,\n                        sourceUrl,\n                        migrationLogUrl,\n                        migrationSource {\n                            name\n                        },\n                        state,\n                        warningsCount,\n                        failureReason,\n                        repositoryName\n                    }\n                } }","variables":{"id":"RM_kgDaACQ4NTQzYTQyYi0xY2E4LTRlYjctOWU1OS1mYmE0NjAyZGIzNDU"}}
[2024-01-28 01:51:59] [DEBUG] GITHUB REQUEST ID: 8A4E:3C8B07:84D93A:8FB0E7:65B55ED5
[2024-01-28 01:51:59] [DEBUG] RESPONSE (OK): {"data":{"node":{"id":"RM_kgDaACQ4NTQzYTQyYi0xY2E4LTRlYjctOWU1OS1mYmE0NjAyZGIzNDU","sourceUrl":"https://dev.azure.com/udemydevopscourse/The%20Azure%20Dev%20Ops/_git/The%20Azure%20Dev%20Ops","migrationLogUrl":"","migrationSource":{"name":"Azure DevOps Source"},"state":"IN_PROGRESS","warningsCount":0,"failureReason":"","repositoryName":"The-Azure-Dev-Ops"}}}
[2024-01-28 01:51:59] [INFO] Migration in progress (ID: RM_kgDaACQ4NTQzYTQyYi0xY2E4LTRlYjctOWU1OS1mYmE0NjAyZGIzNDU). State: IN_PROGRESS. Waiting 10 seconds...
[2024-01-28 01:52:09] [DEBUG] HTTP POST: https://api.github.com/graphql
[2024-01-28 01:52:09] [DEBUG] HTTP BODY: {"query":"query($id: ID!) { \n                node(id: $id) {\n                    ... on Migration {\n                        id,\n                        sourceUrl,\n                        migrationLogUrl,\n                        migrationSource {\n                            name\n                        },\n                        state,\n                        warningsCount,\n                        failureReason,\n                        repositoryName\n                    }\n                } }","variables":{"id":"RM_kgDaACQ4NTQzYTQyYi0xY2E4LTRlYjctOWU1OS1mYmE0NjAyZGIzNDU"}}
[2024-01-28 01:52:10] [DEBUG] GITHUB REQUEST ID: 8A4E:3C8B07:84DBCD:8FB3D1:65B55EDF
[2024-01-28 01:52:10] [DEBUG] RESPONSE (OK): {"data":{"node":{"id":"RM_kgDaACQ4NTQzYTQyYi0xY2E4LTRlYjctOWU1OS1mYmE0NjAyZGIzNDU","sourceUrl":"https://dev.azure.com/udemydevopscourse/The%20Azure%20Dev%20Ops/_git/The%20Azure%20Dev%20Ops","migrationLogUrl":"","migrationSource":{"name":"Azure DevOps Source"},"state":"IN_PROGRESS","warningsCount":0,"failureReason":"","repositoryName":"The-Azure-Dev-Ops"}}}
[2024-01-28 01:52:10] [INFO] Migration in progress (ID: RM_kgDaACQ4NTQzYTQyYi0xY2E4LTRlYjctOWU1OS1mYmE0NjAyZGIzNDU). State: IN_PROGRESS. Waiting 10 seconds...
[2024-01-28 01:52:20] [DEBUG] HTTP POST: https://api.github.com/graphql
[2024-01-28 01:52:20] [DEBUG] HTTP BODY: {"query":"query($id: ID!) { \n                node(id: $id) {\n                    ... on Migration {\n                        id,\n                        sourceUrl,\n                        migrationLogUrl,\n                        migrationSource {\n                            name\n                        },\n                        state,\n                        warningsCount,\n                        failureReason,\n                        repositoryName\n                    }\n                } }","variables":{"id":"RM_kgDaACQ4NTQzYTQyYi0xY2E4LTRlYjctOWU1OS1mYmE0NjAyZGIzNDU"}}
[2024-01-28 01:52:20] [DEBUG] GITHUB REQUEST ID: 8A4E:3C8B07:84DE75:8FB6C0:65B55EEA
[2024-01-28 01:52:20] [DEBUG] RESPONSE (OK): {"data":{"node":{"id":"RM_kgDaACQ4NTQzYTQyYi0xY2E4LTRlYjctOWU1OS1mYmE0NjAyZGIzNDU","sourceUrl":"https://dev.azure.com/udemydevopscourse/The%20Azure%20Dev%20Ops/_git/The%20Azure%20Dev%20Ops","migrationLogUrl":"","migrationSource":{"name":"Azure DevOps Source"},"state":"IN_PROGRESS","warningsCount":0,"failureReason":"","repositoryName":"The-Azure-Dev-Ops"}}}
[2024-01-28 01:52:20] [INFO] Migration in progress (ID: RM_kgDaACQ4NTQzYTQyYi0xY2E4LTRlYjctOWU1OS1mYmE0NjAyZGIzNDU). State: IN_PROGRESS. Waiting 10 seconds...
[2024-01-28 01:52:30] [DEBUG] HTTP POST: https://api.github.com/graphql
[2024-01-28 01:52:30] [DEBUG] HTTP BODY: {"query":"query($id: ID!) { \n                node(id: $id) {\n                    ... on Migration {\n                        id,\n                        sourceUrl,\n                        migrationLogUrl,\n                        migrationSource {\n                            name\n                        },\n                        state,\n                        warningsCount,\n                        failureReason,\n                        repositoryName\n                    }\n                } }","variables":{"id":"RM_kgDaACQ4NTQzYTQyYi0xY2E4LTRlYjctOWU1OS1mYmE0NjAyZGIzNDU"}}
[2024-01-28 01:52:31] [DEBUG] GITHUB REQUEST ID: 8A4E:3C8B07:84E100:8FB987:65B55EF4
[2024-01-28 01:52:31] [DEBUG] RESPONSE (OK): {"data":{"node":{"id":"RM_kgDaACQ4NTQzYTQyYi0xY2E4LTRlYjctOWU1OS1mYmE0NjAyZGIzNDU","sourceUrl":"https://dev.azure.com/udemydevopscourse/The%20Azure%20Dev%20Ops/_git/The%20Azure%20Dev%20Ops","migrationLogUrl":"","migrationSource":{"name":"Azure DevOps Source"},"state":"IN_PROGRESS","warningsCount":0,"failureReason":"","repositoryName":"The-Azure-Dev-Ops"}}}
[2024-01-28 01:52:31] [INFO] Migration in progress (ID: RM_kgDaACQ4NTQzYTQyYi0xY2E4LTRlYjctOWU1OS1mYmE0NjAyZGIzNDU). State: IN_PROGRESS. Waiting 10 seconds...
[2024-01-28 01:52:41] [DEBUG] HTTP POST: https://api.github.com/graphql
[2024-01-28 01:52:41] [DEBUG] HTTP BODY: {"query":"query($id: ID!) { \n                node(id: $id) {\n                    ... on Migration {\n                        id,\n                        sourceUrl,\n                        migrationLogUrl,\n                        migrationSource {\n                            name\n                        },\n                        state,\n                        warningsCount,\n                        failureReason,\n                        repositoryName\n                    }\n                } }","variables":{"id":"RM_kgDaACQ4NTQzYTQyYi0xY2E4LTRlYjctOWU1OS1mYmE0NjAyZGIzNDU"}}
[2024-01-28 01:52:45] [DEBUG] GITHUB REQUEST ID: 8A4E:3C8B07:84E368:8FBC43:65B55EFF
[2024-01-28 01:52:45] [DEBUG] RESPONSE (OK): {"data":{"node":{"id":"RM_kgDaACQ4NTQzYTQyYi0xY2E4LTRlYjctOWU1OS1mYmE0NjAyZGIzNDU","sourceUrl":"https://dev.azure.com/udemydevopscourse/The%20Azure%20Dev%20Ops/_git/The%20Azure%20Dev%20Ops","migrationLogUrl":"https://objects-origin.githubusercontent.com/octoshiftmigrationlogs/u19test/The-Azure-Dev-Ops-8543a42b-1ca8-4eb7-9e59-fba4602db345-logs.txt?X-Amz-Algorithm=AWS4-HMAC-SHA256&X-Amz-Credential=***%2F20240127%2Fus-east-1%2Fs3%2Faws4_request&X-Amz-Date=20240127T195237Z&X-Amz-Expires=432000&X-Amz-Signature=5136b5f6088cd13acf14517bab38539a676aed9116e73cb379de492b1a10c658&X-Amz-SignedHeaders=host","migrationSource":{"name":"Azure DevOps Source"},"state":"SUCCEEDED","warningsCount":0,"failureReason":"","repositoryName":"The-Azure-Dev-Ops"}}}
[2024-01-28 01:52:45] [INFO] Migration completed (ID: RM_kgDaACQ4NTQzYTQyYi0xY2E4LTRlYjctOWU1OS1mYmE0NjAyZGIzNDU)! State: SUCCEEDED
[2024-01-28 01:52:45] [INFO] Migration log available at https://objects-origin.githubusercontent.com/octoshiftmigrationlogs/u19test/The-Azure-Dev-Ops-8543a42b-1ca8-4eb7-9e59-fba4602db345-logs.txt?X-Amz-Algorithm=AWS4-HMAC-SHA256&X-Amz-Credential=***%2F20240127%2Fus-east-1%2Fs3%2Faws4_request&X-Amz-Date=20240127T195237Z&X-Amz-Expires=432000&X-Amz-Signature=5136b5f6088cd13acf14517bab38539a676aed9116e73cb379de492b1a10c658&X-Amz-SignedHeaders=host or by running `gh ado2gh download-logs --github-org u19test --github-repo The Azure Dev Ops`
